{"/Users/lucianosantosnt/Projects/weather-now-vue/src/assets/loader.svg": {"path":"/Users/lucianosantosnt/Projects/weather-now-vue/src/assets/loader.svg","statementMap":{"0":{"start":{"line":1,"column":0},"end":{"line":1,"column":19}}},"fnMap":{},"branchMap":{},"s":{"0":2},"f":{},"b":{},"_coverageSchema":"1a1c01bbd47fc00a2c39e90264f33305004495a9","hash":"8ac071bad6d3c2619bee0928d66d4fadd1e2cc62"}
,"/Users/lucianosantosnt/Projects/weather-now-vue/src/assets/logo.svg": {"path":"/Users/lucianosantosnt/Projects/weather-now-vue/src/assets/logo.svg","statementMap":{"0":{"start":{"line":1,"column":0},"end":{"line":1,"column":19}}},"fnMap":{},"branchMap":{},"s":{"0":1},"f":{},"b":{},"_coverageSchema":"1a1c01bbd47fc00a2c39e90264f33305004495a9","hash":"01017ef1887af4dad72eb451030de79d5f00be02"}
,"/Users/lucianosantosnt/Projects/weather-now-vue/src/components/Card/index.vue": {"path":"/Users/lucianosantosnt/Projects/weather-now-vue/src/components/Card/index.vue","statementMap":{"0":{"start":{"line":38,"column":0},"end":{"line":38,"column":null}},"1":{"start":{"line":40,"column":0},"end":{"line":40,"column":15}},"2":{"start":{"line":47,"column":4},"end":{"line":47,"column":11}}},"fnMap":{"0":{"name":"(anonymous_1)","decl":{"start":{"line":46,"column":7},"end":{"line":46,"column":null}},"loc":{"start":{"line":46,"column":7},"end":{"line":50,"column":null}}}},"branchMap":{},"s":{"0":2,"1":2,"2":10},"f":{"0":10},"b":{}}
,"/Users/lucianosantosnt/Projects/weather-now-vue/src/components/Climates/index.vue": {"path":"/Users/lucianosantosnt/Projects/weather-now-vue/src/components/Climates/index.vue","statementMap":{"0":{"start":{"line":18,"column":0},"end":{"line":18,"column":null}},"1":{"start":{"line":19,"column":0},"end":{"line":19,"column":null}},"2":{"start":{"line":20,"column":0},"end":{"line":20,"column":null}},"3":{"start":{"line":21,"column":0},"end":{"line":21,"column":null}},"4":{"start":{"line":23,"column":0},"end":{"line":23,"column":15}},"5":{"start":{"line":28,"column":2},"end":{"line":28,"column":7}},"6":{"start":{"line":29,"column":17},"end":{"line":29,"column":21}},"7":{"start":{"line":30,"column":22},"end":{"line":30,"column":26}},"8":{"start":{"line":31,"column":23},"end":{"line":31,"column":27}},"9":{"start":{"line":32,"column":18},"end":{"line":32,"column":22}},"10":{"start":{"line":34,"column":24},"end":{"line":55,"column":null}},"11":{"start":{"line":34,"column":24},"end":{"line":34,"column":null}},"12":{"start":{"line":35,"column":14},"end":{"line":35,"column":19}},"13":{"start":{"line":36,"column":12},"end":{"line":37,"column":39}},"14":{"start":{"line":36,"column":26},"end":{"line":36,"column":33}},"15":{"start":{"line":37,"column":17},"end":{"line":37,"column":39}},"16":{"start":{"line":37,"column":32},"end":{"line":37,"column":39}},"17":{"start":{"line":38,"column":12},"end":{"line":38,"column":19}},"18":{"start":{"line":40,"column":25},"end":{"line":40,"column":31}},"19":{"start":{"line":40,"column":14},"end":{"line":40,"column":22}},"20":{"start":{"line":41,"column":14},"end":{"line":41,"column":22}},"21":{"start":{"line":42,"column":12},"end":{"line":42,"column":19}},"22":{"start":{"line":51,"column":8},"end":{"line":51,"column":12}},"23":{"start":{"line":52,"column":8},"end":{"line":52,"column":20}},"24":{"start":{"line":53,"column":8},"end":{"line":53,"column":17}},"25":{"start":{"line":54,"column":8},"end":{"line":54,"column":18}},"26":{"start":{"line":57,"column":4},"end":{"line":57,"column":15}},"27":{"start":{"line":58,"column":8},"end":{"line":58,"column":18}},"28":{"start":{"line":59,"column":8},"end":{"line":59,"column":null}},"29":{"start":{"line":62,"column":4},"end":{"line":62,"column":14}},"30":{"start":{"line":63,"column":8},"end":{"line":73,"column":null}},"31":{"start":{"line":64,"column":32},"end":{"line":64,"column":36}},"32":{"start":{"line":65,"column":26},"end":{"line":65,"column":30}},"33":{"start":{"line":66,"column":26},"end":{"line":66,"column":30}},"34":{"start":{"line":67,"column":25},"end":{"line":67,"column":29}},"35":{"start":{"line":68,"column":12},"end":{"line":72,"column":null}},"36":{"start":{"line":68,"column":28},"end":{"line":68,"column":null}},"37":{"start":{"line":70,"column":16},"end":{"line":70,"column":20}},"38":{"start":{"line":71,"column":16},"end":{"line":71,"column":25}},"39":{"start":{"line":73,"column":15},"end":{"line":73,"column":null}},"40":{"start":{"line":75,"column":4},"end":{"line":75,"column":11}}},"fnMap":{"0":{"name":"(anonymous_14)","decl":{"start":{"line":28,"column":2},"end":{"line":28,"column":7}},"loc":{"start":{"line":28,"column":2},"end":{"line":83,"column":null}}},"1":{"name":"(anonymous_15)","decl":{"start":{"line":34,"column":24},"end":{"line":34,"column":null}},"loc":{"start":{"line":34,"column":24},"end":{"line":55,"column":null}}},"2":{"name":"(anonymous_18)","decl":{"start":{"line":35,"column":22},"end":{"line":35,"column":23}},"loc":{"start":{"line":35,"column":35},"end":{"line":39,"column":null}}},"3":{"name":"(anonymous_19)","decl":{"start":{"line":41,"column":48},"end":{"line":41,"column":49}},"loc":{"start":{"line":41,"column":119},"end":{"line":50,"column":null}}},"4":{"name":"(anonymous_20)","decl":{"start":{"line":57,"column":16},"end":{"line":57,"column":null}},"loc":{"start":{"line":57,"column":16},"end":{"line":60,"column":7}}},"5":{"name":"(anonymous_21)","decl":{"start":{"line":62,"column":14},"end":{"line":62,"column":null}},"loc":{"start":{"line":62,"column":14},"end":{"line":74,"column":null}}}},"branchMap":{"0":{"loc":{"start":{"line":36,"column":12},"end":{"line":37,"column":39}},"type":"if","locations":[{"start":{"line":36,"column":12},"end":{"line":37,"column":39}},{"start":{"line":37,"column":17},"end":{"line":37,"column":39}}]},"1":{"loc":{"start":{"line":37,"column":17},"end":{"line":37,"column":39}},"type":"if","locations":[{"start":{"line":37,"column":17},"end":{"line":37,"column":39}}]},"2":{"loc":{"start":{"line":63,"column":8},"end":{"line":73,"column":null}},"type":"if","locations":[{"start":{"line":63,"column":8},"end":{"line":73,"column":null}},{"start":{"line":73,"column":15},"end":{"line":73,"column":null}}]},"3":{"loc":{"start":{"line":68,"column":12},"end":{"line":72,"column":null}},"type":"if","locations":[{"start":{"line":68,"column":12},"end":{"line":72,"column":null}},{"start":{"line":69,"column":17},"end":{"line":72,"column":null}}]}},"s":{"0":1,"1":1,"2":1,"3":1,"4":1,"5":3,"6":3,"7":3,"8":3,"9":3,"10":3,"11":5,"12":5,"13":9,"14":3,"15":6,"16":3,"17":3,"18":5,"19":5,"20":5,"21":9,"22":3,"23":3,"24":3,"25":3,"26":3,"27":3,"28":3,"29":3,"30":3,"31":2,"32":2,"33":2,"34":2,"35":2,"36":1,"37":1,"38":1,"39":1,"40":3},"f":{"0":3,"1":10,"2":9,"3":9,"4":3,"5":3},"b":{"0":[3,6],"1":[3],"2":[2,1],"3":[1,1]}}
,"/Users/lucianosantosnt/Projects/weather-now-vue/src/components/Header/index.vue": {"path":"/Users/lucianosantosnt/Projects/weather-now-vue/src/components/Header/index.vue","statementMap":{"0":{"start":{"line":8,"column":0},"end":{"line":8,"column":null}},"1":{"start":{"line":10,"column":0},"end":{"line":10,"column":15}},"2":{"start":{"line":13,"column":4},"end":{"line":13,"column":11}}},"fnMap":{"0":{"name":"(anonymous_1)","decl":{"start":{"line":12,"column":7},"end":{"line":12,"column":null}},"loc":{"start":{"line":12,"column":7},"end":{"line":16,"column":null}}}},"branchMap":{},"s":{"0":1,"1":1,"2":1},"f":{"0":1},"b":{}}
,"/Users/lucianosantosnt/Projects/weather-now-vue/src/services/api.ts": {"path":"/Users/lucianosantosnt/Projects/weather-now-vue/src/services/api.ts","statementMap":{"0":{"start":{"line":1,"column":0},"end":{"line":1,"column":null}},"1":{"start":{"line":3,"column":12},"end":{"line":3,"column":18}},"2":{"start":{"line":7,"column":0},"end":{"line":7,"column":15}}},"fnMap":{},"branchMap":{},"s":{"0":1,"1":1,"2":1},"f":{},"b":{}}
}
