{"/Users/lucianosantosnt/Projects/weather-now-vue/src/assets/loader.svg": {"path":"/Users/lucianosantosnt/Projects/weather-now-vue/src/assets/loader.svg","statementMap":{"0":{"start":{"line":1,"column":0},"end":{"line":1,"column":19}}},"fnMap":{},"branchMap":{},"s":{"0":1},"f":{},"b":{},"_coverageSchema":"1a1c01bbd47fc00a2c39e90264f33305004495a9","hash":"8ac071bad6d3c2619bee0928d66d4fadd1e2cc62"}
,"/Users/lucianosantosnt/Projects/weather-now-vue/src/assets/logo.svg": {"path":"/Users/lucianosantosnt/Projects/weather-now-vue/src/assets/logo.svg","statementMap":{"0":{"start":{"line":1,"column":0},"end":{"line":1,"column":19}}},"fnMap":{},"branchMap":{},"s":{"0":1},"f":{},"b":{},"_coverageSchema":"1a1c01bbd47fc00a2c39e90264f33305004495a9","hash":"01017ef1887af4dad72eb451030de79d5f00be02"}
,"/Users/lucianosantosnt/Projects/weather-now-vue/src/components/Card/index.vue": {"path":"/Users/lucianosantosnt/Projects/weather-now-vue/src/components/Card/index.vue","statementMap":{"0":{"start":{"line":39,"column":0},"end":{"line":39,"column":15}}},"fnMap":{},"branchMap":{},"s":{"0":2},"f":{},"b":{}}
,"/Users/lucianosantosnt/Projects/weather-now-vue/src/components/Climates/index.vue": {"path":"/Users/lucianosantosnt/Projects/weather-now-vue/src/components/Climates/index.vue","statementMap":{"0":{"start":{"line":25,"column":0},"end":{"line":25,"column":null}},"1":{"start":{"line":26,"column":0},"end":{"line":26,"column":null}},"2":{"start":{"line":27,"column":0},"end":{"line":27,"column":null}},"3":{"start":{"line":28,"column":0},"end":{"line":28,"column":null}},"4":{"start":{"line":30,"column":0},"end":{"line":30,"column":15}},"5":{"start":{"line":35,"column":2},"end":{"line":35,"column":7}},"6":{"start":{"line":36,"column":20},"end":{"line":36,"column":24}},"7":{"start":{"line":37,"column":17},"end":{"line":37,"column":21}},"8":{"start":{"line":39,"column":4},"end":{"line":39,"column":14}},"9":{"start":{"line":39,"column":14},"end":{"line":39,"column":null}},"10":{"start":{"line":40,"column":14},"end":{"line":40,"column":19}},"11":{"start":{"line":41,"column":12},"end":{"line":42,"column":39}},"12":{"start":{"line":41,"column":26},"end":{"line":41,"column":33}},"13":{"start":{"line":42,"column":17},"end":{"line":42,"column":39}},"14":{"start":{"line":42,"column":32},"end":{"line":42,"column":39}},"15":{"start":{"line":43,"column":12},"end":{"line":43,"column":19}},"16":{"start":{"line":45,"column":25},"end":{"line":45,"column":31}},"17":{"start":{"line":45,"column":14},"end":{"line":45,"column":22}},"18":{"start":{"line":46,"column":14},"end":{"line":46,"column":22}},"19":{"start":{"line":47,"column":12},"end":{"line":47,"column":19}},"20":{"start":{"line":56,"column":8},"end":{"line":56,"column":12}},"21":{"start":{"line":57,"column":8},"end":{"line":57,"column":15}},"22":{"start":{"line":59,"column":4},"end":{"line":59,"column":11}}},"fnMap":{"0":{"name":"(anonymous_14)","decl":{"start":{"line":35,"column":2},"end":{"line":35,"column":7}},"loc":{"start":{"line":35,"column":2},"end":{"line":64,"column":null}}},"1":{"name":"(anonymous_15)","decl":{"start":{"line":39,"column":14},"end":{"line":39,"column":null}},"loc":{"start":{"line":39,"column":14},"end":{"line":58,"column":null}}},"2":{"name":"(anonymous_18)","decl":{"start":{"line":40,"column":22},"end":{"line":40,"column":23}},"loc":{"start":{"line":40,"column":35},"end":{"line":44,"column":null}}},"3":{"name":"(anonymous_19)","decl":{"start":{"line":46,"column":48},"end":{"line":46,"column":49}},"loc":{"start":{"line":46,"column":119},"end":{"line":55,"column":null}}}},"branchMap":{"0":{"loc":{"start":{"line":41,"column":12},"end":{"line":42,"column":39}},"type":"if","locations":[{"start":{"line":41,"column":12},"end":{"line":42,"column":39}},{"start":{"line":42,"column":17},"end":{"line":42,"column":39}}]},"1":{"loc":{"start":{"line":42,"column":17},"end":{"line":42,"column":39}},"type":"if","locations":[{"start":{"line":42,"column":17},"end":{"line":42,"column":39}}]}},"s":{"0":1,"1":1,"2":1,"3":1,"4":1,"5":1,"6":1,"7":1,"8":1,"9":1,"10":1,"11":0,"12":0,"13":0,"14":0,"15":0,"16":1,"17":0,"18":0,"19":0,"20":0,"21":0,"22":1},"f":{"0":1,"1":2,"2":0,"3":0},"b":{"0":[0,0],"1":[0]}}
,"/Users/lucianosantosnt/Projects/weather-now-vue/src/components/Header/index.vue": {"path":"/Users/lucianosantosnt/Projects/weather-now-vue/src/components/Header/index.vue","statementMap":{"0":{"start":{"line":8,"column":0},"end":{"line":8,"column":null}},"1":{"start":{"line":10,"column":0},"end":{"line":10,"column":15}},"2":{"start":{"line":13,"column":4},"end":{"line":13,"column":11}}},"fnMap":{"0":{"name":"(anonymous_1)","decl":{"start":{"line":12,"column":7},"end":{"line":12,"column":null}},"loc":{"start":{"line":12,"column":7},"end":{"line":16,"column":null}}}},"branchMap":{},"s":{"0":1,"1":1,"2":1},"f":{"0":1},"b":{}}
,"/Users/lucianosantosnt/Projects/weather-now-vue/src/services/api.ts": {"path":"/Users/lucianosantosnt/Projects/weather-now-vue/src/services/api.ts","statementMap":{"0":{"start":{"line":1,"column":0},"end":{"line":1,"column":null}},"1":{"start":{"line":3,"column":12},"end":{"line":3,"column":18}},"2":{"start":{"line":7,"column":0},"end":{"line":7,"column":15}}},"fnMap":{},"branchMap":{},"s":{"0":1,"1":1,"2":1},"f":{},"b":{}}
}
