TN:
SF:src/assets/loader.svg
FNF:0
FNH:0
DA:1,1
LF:1
LH:1
BRF:0
BRH:0
end_of_record
TN:
SF:src/assets/logo.svg
FNF:0
FNH:0
DA:1,1
LF:1
LH:1
BRF:0
BRH:0
end_of_record
TN:
SF:src/components/Card/index.vue
FNF:0
FNH:0
DA:39,2
LF:1
LH:1
BRF:0
BRH:0
end_of_record
TN:
SF:src/components/Climates/index.vue
FN:35,(anonymous_14)
FN:39,(anonymous_15)
FN:40,(anonymous_18)
FN:46,(anonymous_19)
FNF:4
FNH:2
FNDA:1,(anonymous_14)
FNDA:2,(anonymous_15)
FNDA:0,(anonymous_18)
FNDA:0,(anonymous_19)
DA:25,1
DA:26,1
DA:27,1
DA:28,1
DA:30,1
DA:35,1
DA:36,1
DA:37,1
DA:39,1
DA:40,1
DA:41,0
DA:42,0
DA:43,0
DA:45,1
DA:46,0
DA:47,0
DA:56,0
DA:57,0
DA:59,1
LF:19
LH:12
BRDA:41,0,0,0
BRDA:41,0,1,0
BRDA:42,1,0,0
BRF:3
BRH:0
end_of_record
TN:
SF:src/components/Header/index.vue
FN:12,(anonymous_1)
FNF:1
FNH:1
FNDA:1,(anonymous_1)
DA:8,1
DA:10,1
DA:13,1
LF:3
LH:3
BRF:0
BRH:0
end_of_record
TN:
SF:src/services/api.ts
FNF:0
FNH:0
DA:1,1
DA:3,1
DA:7,1
LF:3
LH:3
BRF:0
BRH:0
end_of_record
