TN:
SF:src/assets/loader.svg
FNF:0
FNH:0
DA:1,2
LF:1
LH:1
BRF:0
BRH:0
end_of_record
TN:
SF:src/assets/logo.svg
FNF:0
FNH:0
DA:1,1
LF:1
LH:1
BRF:0
BRH:0
end_of_record
TN:
SF:src/components/Card/index.vue
FN:46,(anonymous_1)
FNF:1
FNH:1
FNDA:10,(anonymous_1)
DA:38,2
DA:40,2
DA:47,10
LF:3
LH:3
BRF:0
BRH:0
end_of_record
TN:
SF:src/components/Climates/index.vue
FN:28,(anonymous_14)
FN:34,(anonymous_15)
FN:35,(anonymous_18)
FN:41,(anonymous_19)
FN:57,(anonymous_20)
FN:62,(anonymous_21)
FNF:6
FNH:6
FNDA:3,(anonymous_14)
FNDA:10,(anonymous_15)
FNDA:9,(anonymous_18)
FNDA:9,(anonymous_19)
FNDA:3,(anonymous_20)
FNDA:3,(anonymous_21)
DA:18,1
DA:19,1
DA:20,1
DA:21,1
DA:23,1
DA:28,3
DA:29,3
DA:30,3
DA:31,3
DA:32,3
DA:34,5
DA:35,5
DA:36,9
DA:37,6
DA:38,3
DA:40,5
DA:41,5
DA:42,9
DA:51,3
DA:52,3
DA:53,3
DA:54,3
DA:57,3
DA:58,3
DA:59,3
DA:62,3
DA:63,3
DA:64,2
DA:65,2
DA:66,2
DA:67,2
DA:68,2
DA:70,1
DA:71,1
DA:73,1
DA:75,3
LF:36
LH:36
BRDA:36,0,0,3
BRDA:36,0,1,6
BRDA:37,1,0,3
BRDA:63,2,0,2
BRDA:63,2,1,1
BRDA:68,3,0,1
BRDA:68,3,1,1
BRF:7
BRH:7
end_of_record
TN:
SF:src/components/Header/index.vue
FN:12,(anonymous_1)
FNF:1
FNH:1
FNDA:1,(anonymous_1)
DA:8,1
DA:10,1
DA:13,1
LF:3
LH:3
BRF:0
BRH:0
end_of_record
TN:
SF:src/services/api.ts
FNF:0
FNH:0
DA:1,1
DA:3,1
DA:7,1
LF:3
LH:3
BRF:0
BRH:0
end_of_record
